
ROM used:   5884/32768 (18%)
            5884/32768 (18%) including unused fragments

            0.8 Average locations per line
            5.3 Average locations per statement

RAM used:   686/2048 (33%) at main() level
            736/2048 (36%) worst case

Stack used: 14 worst case (7 in main + 7 for interrupts)
Stack size: 31

Lines Stmts  %   Files
----- ----- ---  -----
  192    92   8  main.c
   42     0   0  main.h
  837     0   0  C:\Program Files (x86)\PICC\Devices\18F4550.h
  871   137  12  C:\Program Files (x86)\PICC\Drivers\usb_cdc.h
  228     0   0  C:\Program Files (x86)\PICC\Drivers\pic18_usb.h
  328     0   0  C:\Program Files (x86)\PICC\Drivers\usb_hw_layer.h
  303     0   0  C:\Program Files (x86)\PICC\Drivers\usb_desc_cdc.h
 1103     0   0  C:\Program Files (x86)\PICC\Drivers\usb.h
 1177   237  21  C:\Program Files (x86)\PICC\Drivers\usb.c
 1456   322  29  C:\Program Files (x86)\PICC\Drivers\pic18_usb.c
  423   168  15  C:\Program Files (x86)\PICC\Drivers\string.h
   32    43   4  C:\Program Files (x86)\PICC\Drivers\stddef.h
   28   108  10  C:\Program Files (x86)\PICC\Drivers\ctype.h
----- -----
 7020  1107 Total

Page ROM  %  RAM    Vol Diff  Functions:
---- --- --- ---    --- ----  ----------
0     42   0    1             @delay_ms1
0     40   0    0             @const647
0     32   0    0             @const768
0     32   0    0             @const771
0     48   0    0             @const774
0     48   0    0             @const777
0     84   1    0             @const780
0     18   0    0             @const783
0     24   0    0             @const786
0     34   0    0             @const791
0     34   0    5             @MUL1616
0     86   1    4    139  4.3  usb_tbe
0     42   0    1    172  3.4  usb_detach
0     46   0    0    236  2.3  usb_attach
0      6   0    0     16  1.0  usb_init_cs
0     36   0    1    375  5.2  usb_task
0     14   0    0     61  2.5  usb_init
0    292   2    9   1092  5.4  usb_flush_in
0    158   1   10    344  6.1  usb_put_packet
0    256   2    9    914  5.0  usb_flush_out
0     68   1    3     66  2.7  usb_rx_packet_size
0    102   1    6    258  4.6  usb_stall_ep
0    100   1    6    266  4.6  usb_unstall_ep
0    118   1    5    373  6.0  usb_endpoint_stalled
0     26   0    1     94  2.7  usb_set_address
0    490   4   12   1743 10.9  usb_set_configured
0    112   1    5    199  3.2  usb_disable_endpoint
0     30   0    1     99  3.0  usb_disable_endpoints
0      4   0    0     61  4.0  usb_clear_trn
0    126   1    2    662  6.8  usb_isr
0      6   0    0     43  2.0  usb_isr_sof
0     42   0    0    357  4.2  usb_isr_rst
0     42   0    2    458  4.4  usb_init_ep0_setup
0      8   0    0     74  2.8  usb_isr_uerr
0     10   0    0     82  2.8  usb_isr_uidle
0     16   0    0    102  3.3  usb_isr_activity
0     14   0    0    151  3.9  usb_isr_stall
0      6   0    1     30  1.7  usb_request_send_response
0      6   0    0     22  1.2  usb_request_get_data
0      4   0    0     22  1.2  usb_request_stall
0    248   2    2   3362  9.3  usb_isr_tok_dne
0     48   0    3    273  4.0  usb_token_reset
0     78   1    3    274  5.9  usb_endpoint_is_valid
0     50   0    1    212  3.1  usb_isr_tok_in_dne
0     30   0    1    115  2.5  usb_isr_tok_out_dne
0     50   0    0    375  6.4  usb_isr_tok_setup_dne
0    188   2    0   1454  8.3  usb_isr_tkn_setup_StandardDevice
0    160   1    3    933  7.7  usb_isr_tkn_setup_StandardInterface
0    106   1    0    753  5.8  usb_isr_tkn_setup_StandardEndpoint
0    184   2    0   1088  8.7  usb_Get_Descriptor
0     14   0    0     76  1.8  usb_finish_set_address
0    136   1    4    622  9.1  usb_copy_desc_seg_to_ep
0     72   1    0    307  6.2  usb_isr_tok_out_cdc_control_dne
0    156   1    2   1207  8.6  usb_isr_tkn_cdc
0     28   0    0    174  3.6  usb_isr_tok_out_cdc_data_dne
0      6   0    0     70  0.7  usb_isr_tok_in_cdc_data_dne
0     38   0    0    106  2.9  usb_cdc_flush_tx_buffer
0    124   1    4    280  2.3  usb_cdc_init
0     16   0    0     59  2.3  usb_cdc_get_discard
0     56   0    2    227  5.1  usb_cdc_getc
0     56   0    4    228  4.8  _usb_cdc_putc_fast_noflush
0     24   0    1     52  2.0  usb_cdc_putc_fast
0     18   0    1     80  3.1  usb_cdc_putc
0    148   1    2    488  7.5  recibir
0     18   0    0     48  2.1  toggle_motor
0     24   0    1     78  1.3  blink_led
0     34   0    0    100  2.1  inicia_medicion
0     30   0    0    100  2.1  finaliza_medicion
0    232   2    4    501  6.3  send_data
0    550   5    0   1090  7.6  MAIN
0      6   0    0             @const1169
0     32   0    2             @PSTRINGC_661
0      6   0    0             @const1171
0      6   0    0             @const1172
0      6   0    0             @const1173
0      6   0    0             @const1174
0      8   0    0             @const1175
0      8   0    0             @const1176
0     12   0    0             @const1177
 Inline         0             @cinit1

Program metrics:
    Functions               59
    Statements              1107
    Comments                5870
    Volume (V)              44020
    Difficulty (D)          258.4
    Effort to implement (E) 11373448
    Time to implement (T)   175 hours, 31 minutes
    Est Delivered Bugs (B)  17
    Cyclomatic Complexity   143
    Maintainability (MI)    101

 Segment     Used  Free
-----------  ----  ----
00000-00002     4  0  
00004-00006     4  0  
00008-000AC   166  0  
000AE-07FFE  5710  26884  



